<?xml version="1.0" encoding="UTF-8"?>
<!-- Generated by org.testng.reporters.JUnitReportReporter -->
<testsuite hostname="DESKTOP-JFCTA9I" failures="0" tests="1" name="bb.tests.TransctionsTest" time="20.069" errors="0" timestamp="04 Apr 2023 08:32:59 GMT" skipped="0">
  <testcase classname="bb.tests.TransctionsTest" name="TransTest" time="20.069"/>
</testsuite> <!-- bb.tests.TransctionsTest -->
