<?xml version="1.0" encoding="UTF-8"?>
<!-- Generated by org.testng.reporters.JUnitReportReporter -->
<testsuite hostname="DESKTOP-JFCTA9I" failures="0" tests="6" name="bb.tests.ArticleActions" time="40.706" errors="0" timestamp="26 Mar 2023 05:43:45 GMT" skipped="0">
  <testcase classname="bb.tests.ArticleActions" name="deleteArticle" time="7.350"/>
  <testcase classname="bb.tests.ArticleActions" name="editArticle" time="6.634"/>
  <testcase classname="bb.tests.ArticleActions" name="deleteArticle" time="7.387"/>
  <testcase classname="bb.tests.ArticleActions" name="editArticle" time="6.801"/>
  <testcase classname="bb.tests.ArticleActions" name="createArticle" time="5.306"/>
  <testcase classname="bb.tests.ArticleActions" name="createArticle" time="7.228"/>
</testsuite> <!-- bb.tests.ArticleActions -->
