<?xml version="1.0" encoding="UTF-8"?>
<!-- Generated by org.testng.reporters.JUnitReportReporter -->
<testsuite hostname="DESKTOP-JFCTA9I" failures="0" tests="1" name="bb.tests.Trans" time="21.035" errors="0" timestamp="04 Apr 2023 07:26:11 GMT" skipped="0">
  <testcase classname="bb.tests.Trans" name="TransTest" time="21.035"/>
</testsuite> <!-- bb.tests.Trans -->
