<?xml version="1.0" encoding="UTF-8"?>
<!-- Generated by org.testng.reporters.JUnitReportReporter -->
<testsuite hostname="DESKTOP-JFCTA9I" failures="0" tests="7" name="bb.tests.ArticleTest" time="110.615" errors="0" timestamp="04 Apr 2023 06:09:43 GMT" skipped="0">
  <testcase classname="bb.tests.ArticleTest" name="CustomerTest" time="15.883"/>
  <testcase classname="bb.tests.ArticleTest" name="CustomerTest" time="14.938"/>
  <testcase classname="bb.tests.ArticleTest" name="CustomerTest" time="14.499"/>
  <testcase classname="bb.tests.ArticleTest" name="CustomerTest" time="14.509"/>
  <testcase classname="bb.tests.ArticleTest" name="CustomerTest" time="17.967"/>
  <testcase classname="bb.tests.ArticleTest" name="CustomerTest" time="15.138"/>
  <testcase classname="bb.tests.ArticleTest" name="CustomerTest" time="17.681"/>
</testsuite> <!-- bb.tests.ArticleTest -->
