<?xml version="1.0" encoding="UTF-8"?>
<!-- Generated by org.testng.reporters.JUnitReportReporter -->
<testsuite hostname="DESKTOP-JFCTA9I" failures="0" tests="6" name="bb.tests.SettingsTest" time="31.800" errors="0" timestamp="26 Mar 2023 08:24:05 GMT" skipped="0">
  <testcase classname="bb.tests.SettingsTest" name="logoutApp" time="5.668"/>
  <testcase classname="bb.tests.SettingsTest" name="loginAfterPasswordChange" time="3.642"/>
  <testcase classname="bb.tests.SettingsTest" name="updateUsername" time="8.161"/>
  <testcase classname="bb.tests.SettingsTest" name="loginAfterPasswordChange" time="3.832"/>
  <testcase classname="bb.tests.SettingsTest" name="logoutApp" time="4.123"/>
  <testcase classname="bb.tests.SettingsTest" name="updateUsername" time="6.374"/>
</testsuite> <!-- bb.tests.SettingsTest -->
