<?xml version="1.0" encoding="UTF-8"?>
<!-- Generated by org.testng.reporters.JUnitReportReporter -->
<testsuite hostname="DESKTOP-JFCTA9I" failures="0" tests="7" name="assignment.tests.CustomerTests" time="40.190" errors="0" timestamp="07 Apr 2023 10:49:00 GMT" skipped="0">
  <testcase classname="assignment.tests.CustomerTests" name="CustomerTest" time="5.315"/>
  <testcase classname="assignment.tests.CustomerTests" name="CustomerTest" time="6.390"/>
  <testcase classname="assignment.tests.CustomerTests" name="CustomerTest" time="5.657"/>
  <testcase classname="assignment.tests.CustomerTests" name="CustomerTest" time="5.107"/>
  <testcase classname="assignment.tests.CustomerTests" name="CustomerTest" time="5.182"/>
  <testcase classname="assignment.tests.CustomerTests" name="CustomerTest" time="7.083"/>
  <testcase classname="assignment.tests.CustomerTests" name="CustomerTest" time="5.456"/>
</testsuite> <!-- assignment.tests.CustomerTests -->
