<?xml version="1.0" encoding="UTF-8"?>
<!-- Generated by org.testng.reporters.JUnitReportReporter -->
<testsuite hostname="DESKTOP-JFCTA9I" failures="0" tests="1" name="assignment.tests.TransactionsTest" time="6.118" errors="0" timestamp="07 Apr 2023 10:49:00 GMT" skipped="0">
  <testcase classname="assignment.tests.TransactionsTest" name="TransTest" time="6.118"/>
</testsuite> <!-- assignment.tests.TransactionsTest -->
