<?xml version="1.0" encoding="UTF-8"?>
<!-- Generated by org.testng.reporters.JUnitReportReporter -->
<testsuite hostname="DESKTOP-JFCTA9I" failures="0" tests="7" name="bb.tests.CustomerTests" time="105.992" errors="0" timestamp="04 Apr 2023 07:15:34 GMT" skipped="0">
  <testcase classname="bb.tests.CustomerTests" name="CustomerTest" time="17.565"/>
  <testcase classname="bb.tests.CustomerTests" name="CustomerTest" time="14.136"/>
  <testcase classname="bb.tests.CustomerTests" name="CustomerTest" time="14.157"/>
  <testcase classname="bb.tests.CustomerTests" name="CustomerTest" time="17.815"/>
  <testcase classname="bb.tests.CustomerTests" name="CustomerTest" time="14.021"/>
  <testcase classname="bb.tests.CustomerTests" name="CustomerTest" time="13.500"/>
  <testcase classname="bb.tests.CustomerTests" name="CustomerTest" time="14.798"/>
</testsuite> <!-- bb.tests.CustomerTests -->
