<?xml version="1.0" encoding="UTF-8"?>
<!-- Generated by org.testng.reporters.JUnitReportReporter -->
<testsuite hostname="DESKTOP-JFCTA9I" failures="0" tests="4" name="bbAPIAssignment.testcases.stripe.ArticlesAPITest" time="7.524" errors="0" timestamp="2023-04-02T16:01:41 IST" skipped="0">
  <testcase classname="bbAPIAssignment.testcases.stripe.ArticlesAPITest" name="Test" time="2.517"/>
  <system-out/>
  <testcase classname="bbAPIAssignment.testcases.stripe.ArticlesAPITest" name="updateUserTest" time="1.453"/>
  <system-out/>
  <testcase classname="bbAPIAssignment.testcases.stripe.ArticlesAPITest" name="deleteUserTest" time="1.445"/>
  <system-out/>
  <testcase classname="bbAPIAssignment.testcases.stripe.ArticlesAPITest" name="createNewUserTest" time="2.109"/>
  <system-out/>
</testsuite> <!-- bbAPIAssignment.testcases.stripe.ArticlesAPITest -->
