<?xml version="1.0" encoding="UTF-8"?>
<!-- Generated by org.testng.reporters.JUnitReportReporter -->
<testsuite hostname="DESKTOP-JFCTA9I" failures="0" tests="4" name="bbAPIAssignment.testcases.stripe.UsersAPITest" time="7.489" errors="0" timestamp="2023-04-02T16:08:30 IST" skipped="0">
  <testcase classname="bbAPIAssignment.testcases.stripe.UsersAPITest" name="updateUserTest" time="1.427"/>
  <system-out/>
  <testcase classname="bbAPIAssignment.testcases.stripe.UsersAPITest" name="deleteUserTest" time="1.444"/>
  <system-out/>
  <testcase classname="bbAPIAssignment.testcases.stripe.UsersAPITest" name="Test" time="2.488"/>
  <system-out/>
  <testcase classname="bbAPIAssignment.testcases.stripe.UsersAPITest" name="createNewUserTest" time="2.130"/>
  <system-out/>
</testsuite> <!-- bbAPIAssignment.testcases.stripe.UsersAPITest -->
