<?xml version="1.0" encoding="UTF-8"?>
<!-- Generated by org.testng.reporters.JUnitReportReporter -->
<testsuite hostname="DESKTOP-JFCTA9I" failures="0" tests="1" name="com.w2a.APITestingFramework.testcases.stripe.CreateCustomerTest" time="1.798" errors="0" timestamp="2023-03-28T10:40:03 IST" skipped="0">
  <testcase classname="com.w2a.APITestingFramework.testcases.stripe.CreateCustomerTest" name="getArticleListTest" time="1.798"/>
  <system-out/>
</testsuite> <!-- com.w2a.APITestingFramework.testcases.stripe.CreateCustomerTest -->
