<?xml version="1.0" encoding="UTF-8"?>
<!-- Generated by org.testng.reporters.JUnitReportReporter -->
<testsuite hostname="DESKTOP-JFCTA9I" failures="0" tests="2" name="com.w2a.APITestingFramework.testcases.stripe.mytest" time="4.899" errors="0" timestamp="2023-03-27T10:30:33 IST" skipped="0">
  <testcase classname="com.w2a.APITestingFramework.testcases.stripe.mytest" name="getArticleswithValidAuth" time="1.264"/>
  <system-out/>
  <testcase classname="com.w2a.APITestingFramework.testcases.stripe.mytest" name="getArticleswithInvalidAuth" time="3.635"/>
  <system-out/>
</testsuite> <!-- com.w2a.APITestingFramework.testcases.stripe.mytest -->
