<?xml version="1.0" encoding="UTF-8"?>
<!-- Generated by org.testng.reporters.JUnitReportReporter -->
<testsuite hostname="DESKTOP-JFCTA9I" failures="0" tests="4" name="apiAssignment.testcases.stripe.UsersAPITest" time="7.636" errors="0" timestamp="2023-04-07T14:14:33 IST" skipped="0">
  <testcase classname="apiAssignment.testcases.stripe.UsersAPITest" name="loginTest" time="2.655"/>
  <system-out/>
  <testcase classname="apiAssignment.testcases.stripe.UsersAPITest" name="updateUserTest" time="1.461"/>
  <system-out/>
  <testcase classname="apiAssignment.testcases.stripe.UsersAPITest" name="deleteUserTest" time="1.386"/>
  <system-out/>
  <testcase classname="apiAssignment.testcases.stripe.UsersAPITest" name="createNewUserTest" time="2.134"/>
  <system-out/>
</testsuite> <!-- apiAssignment.testcases.stripe.UsersAPITest -->
