<?xml version="1.0" encoding="UTF-8"?>
<!-- Generated by org.testng.reporters.JUnitReportReporter -->
<testsuite hostname="DESKTOP-JFCTA9I" failures="0" tests="2" name="com.w2a.APITestingFramework.testcases.paypal.CreateOrderTest" time="0.088" errors="1" timestamp="2023-03-26T16:28:48 IST" skipped="1">
  <testcase classname="com.w2a.APITestingFramework.testcases.paypal.CreateOrderTest" name="setUp" time="0.088">
    <error message="Could not initialize class org.codehaus.groovy.reflection.ReflectionCache" type="java.lang.NoClassDefFoundError">
      <![CDATA[java.lang.NoClassDefFoundError: Could not initialize class org.codehaus.groovy.reflection.ReflectionCache
at org.codehaus.groovy.runtime.dgmimpl.NumberNumberMetaMethod.<clinit>(NumberNumberMetaMethod.java:33)
at java.base/jdk.internal.reflect.NativeConstructorAccessorImpl.newInstance0(Native Method)
at java.base/jdk.internal.reflect.NativeConstructorAccessorImpl.newInstance(NativeConstructorAccessorImpl.java:77)
at java.base/jdk.internal.reflect.DelegatingConstructorAccessorImpl.newInstance(DelegatingConstructorAccessorImpl.java:45)
at java.base/java.lang.reflect.Constructor.newInstanceWithCaller(Constructor.java:499)
at java.base/java.lang.reflect.Constructor.newInstance(Constructor.java:480)
at org.codehaus.groovy.runtime.metaclass.MetaClassRegistryImpl.createMetaMethodFromClass(MetaClassRegistryImpl.java:258)
at org.codehaus.groovy.runtime.metaclass.MetaClassRegistryImpl.<init>(MetaClassRegistryImpl.java:111)
at org.codehaus.groovy.runtime.metaclass.MetaClassRegistryImpl.<init>(MetaClassRegistryImpl.java:86)
at groovy.lang.GroovySystem.<clinit>(GroovySystem.java:36)
at org.codehaus.groovy.runtime.InvokerHelper.<clinit>(InvokerHelper.java:86)
at org.codehaus.groovy.runtime.ScriptBytecodeAdapter.createMap(ScriptBytecodeAdapter.java:635)
at io.restassured.internal.ResponseParserRegistrar.<init>(ResponseParserRegistrar.groovy)
at io.restassured.RestAssured.<clinit>(RestAssured.java:346)
at com.w2a.APITestingFramework.setUp.BaseTest.setUp(BaseTest.java:41)
at java.base/jdk.internal.reflect.NativeMethodAccessorImpl.invoke0(Native Method)
at java.base/jdk.internal.reflect.NativeMethodAccessorImpl.invoke(NativeMethodAccessorImpl.java:77)
at java.base/jdk.internal.reflect.DelegatingMethodAccessorImpl.invoke(DelegatingMethodAccessorImpl.java:43)
at java.base/java.lang.reflect.Method.invoke(Method.java:568)
at org.testng.internal.MethodInvocationHelper.invokeMethod(MethodInvocationHelper.java:134)
at org.testng.internal.MethodInvocationHelper.invokeMethodConsideringTimeout(MethodInvocationHelper.java:63)
at org.testng.internal.ConfigInvoker.invokeConfigurationMethod(ConfigInvoker.java:348)
at org.testng.internal.ConfigInvoker.invokeConfigurations(ConfigInvoker.java:302)
at org.testng.SuiteRunner.privateRun(SuiteRunner.java:327)
at org.testng.SuiteRunner.run(SuiteRunner.java:286)
at org.testng.SuiteRunnerWorker.runSuite(SuiteRunnerWorker.java:53)
at org.testng.SuiteRunnerWorker.run(SuiteRunnerWorker.java:96)
at org.testng.TestNG.runSuitesSequentially(TestNG.java:1187)
at org.testng.TestNG.runSuitesLocally(TestNG.java:1109)
at org.testng.TestNG.runSuites(TestNG.java:1039)
at org.testng.TestNG.run(TestNG.java:1007)
at org.testng.remote.AbstractRemoteTestNG.run(AbstractRemoteTestNG.java:115)
at org.testng.remote.RemoteTestNG.initAndRun(RemoteTestNG.java:251)
at org.testng.remote.RemoteTestNG.main(RemoteTestNG.java:77)
]]>
    </error>
  </testcase> <!-- setUp -->
  <system-out/>
  <testcase classname="com.w2a.APITestingFramework.testcases.paypal.CreateOrderTest" name="createOrder" time="0.000">
    <skipped/>
  </testcase> <!-- createOrder -->
  <system-out/>
</testsuite> <!-- com.w2a.APITestingFramework.testcases.paypal.CreateOrderTest -->
