<?xml version="1.0" encoding="UTF-8"?>
<!-- Generated by org.testng.reporters.JUnitReportReporter -->
<testsuite hostname="DESKTOP-JFCTA9I" failures="0" tests="2" name="com.w2a.APITestingFramework.testcases.stripe.ArticlesAPITest" time="5.056" errors="0" timestamp="2023-03-28T13:07:28 IST" skipped="0">
  <testcase classname="com.w2a.APITestingFramework.testcases.stripe.ArticlesAPITest" name="updateArticleListTest" time="1.802"/>
  <system-out/>
  <testcase classname="com.w2a.APITestingFramework.testcases.stripe.ArticlesAPITest" name="createArticleListTest" time="3.254"/>
  <system-out/>
</testsuite> <!-- com.w2a.APITestingFramework.testcases.stripe.ArticlesAPITest -->
