<?xml version="1.0" encoding="UTF-8"?>
<!-- Generated by org.testng.reporters.JUnitReportReporter -->
<testsuite hostname="DESKTOP-JFCTA9I" failures="0" tests="2" name="com.w2a.APITestingFramework.APIs.stripe.ArtcilesAPI" time="3.489" errors="0" timestamp="2023-03-27T13:18:34 IST" skipped="0">
  <testcase classname="com.w2a.APITestingFramework.APIs.stripe.ArtcilesAPI" name="getArticleswithValidAuth" time="1.040"/>
  <system-out/>
  <testcase classname="com.w2a.APITestingFramework.APIs.stripe.ArtcilesAPI" name="getArticleswithInvalidAuth" time="2.449"/>
  <system-out/>
</testsuite> <!-- com.w2a.APITestingFramework.APIs.stripe.ArtcilesAPI -->
