<?xml version="1.0" encoding="UTF-8"?>
<!-- Generated by org.testng.reporters.JUnitReportReporter -->
<testsuite hostname="DESKTOP-JFCTA9I" failures="0" tests="2" name="bbAPIAssignment.testcases.stripe.CommentsAPITest" time="6.425" errors="0" timestamp="2023-03-30T18:32:13 IST" skipped="0">
  <testcase classname="bbAPIAssignment.testcases.stripe.CommentsAPITest" name="getCommentsTest" time="2.664"/>
  <system-out/>
  <testcase classname="bbAPIAssignment.testcases.stripe.CommentsAPITest" name="createCommentTest" time="3.761"/>
  <system-out/>
</testsuite> <!-- bbAPIAssignment.testcases.stripe.CommentsAPITest -->
